<?xml version="1.0" encoding="UTF-8"?>
<!-- Generated by org.testng.reporters.JUnitXMLReporter -->
<testsuite ignored="0" hostname="LAPTOP-R19HC8JN" failures="0" tests="5" name="Test" time="37.371" errors="0" timestamp="2025-04-03T23:32:57 IST">
  <testcase classname="testNg.TestScript4" name="clickOnApparelAndShoes" time="0.989"/>
  <testcase classname="testNg.TestScript2" name="clickOnElectronics" time="0.875"/>
  <testcase classname="testNg.TestScript3" name="clickOnGiftCards" time="0.847"/>
  <testcase classname="testNg.TestScript" name="clickOnBooks" time="0.877"/>
  <testcase classname="testNg.TestScript1" name="clickOnComputer" time="0.711"/>
</testsuite> <!-- Test -->
